Using pre-set license
Built from '2020.3/staging' branch; Version is '2020.3.4f1 (0abb6314276a) revision 703331'; Using compiler version '192528614'; Build Type 'Release'
OS: 'Windows 10 Pro; OS build 19042.1083; Version 2009; 64bit' Language: 'es' Physical Memory: 12155 MB
BatchMode: 1, IsHumanControllingUs: 0, StartBugReporterOnCrash: 0, Is64bit: 1, IsPro: 0

 COMMAND LINE ARGUMENTS:
C:\Program Files\Unity\Hub\Editor\2020.3.4f1\Editor\Unity.exe
-adb2
-batchMode
-noUpm
-name
AssetImportWorker0
-projectPath
C:/Users/barba/Desktop/SpaceCadetsFruna/Space Cadets Fruna
-logFile
Logs/AssetImportWorker0.log
-srvPort
57688
Successfully changed project path to: C:/Users/barba/Desktop/SpaceCadetsFruna/Space Cadets Fruna
C:/Users/barba/Desktop/SpaceCadetsFruna/Space Cadets Fruna
Using Asset Import Pipeline V2.
Refreshing native plugins compatible for Editor in 40.29 ms, found 1 plugins.
Preloading 0 native plugins for Editor in 0.00 ms.
Initialize engine version: 2020.3.4f1 (0abb6314276a)
[Subsystems] Discovering subsystems at path C:/Program Files/Unity/Hub/Editor/2020.3.4f1/Editor/Data/Resources/UnitySubsystems
[Subsystems] Discovering subsystems at path C:/Users/barba/Desktop/SpaceCadetsFruna/Space Cadets Fruna/Assets
GfxDevice: creating device client; threaded=0
Direct3D:
    Version:  Direct3D 11.0 [level 11.1]
    Renderer: NVIDIA GeForce GTX 1050 (ID=0x1c8d)
    Vendor:   
    VRAM:     4019 MB
    Driver:   27.21.14.5763
Initialize mono
Mono path[0] = 'C:/Program Files/Unity/Hub/Editor/2020.3.4f1/Editor/Data/Managed'
Mono path[1] = 'C:/Program Files/Unity/Hub/Editor/2020.3.4f1/Editor/Data/MonoBleedingEdge/lib/mono/unityjit'
Mono config path = 'C:/Program Files/Unity/Hub/Editor/2020.3.4f1/Editor/Data/MonoBleedingEdge/etc'
Using monoOptions --debugger-agent=transport=dt_socket,embedding=1,server=y,suspend=n,address=127.0.0.1:56504
Begin MonoManager ReloadAssembly
Registering precompiled unity dll's ...
Register platform support module: C:/Program Files/Unity/Hub/Editor/2020.3.4f1/Editor/Data/PlaybackEngines/WindowsStandaloneSupport/UnityEditor.WindowsStandalone.Extensions.dll
Registered in 0.002198 seconds.
Native extension for WindowsStandalone target not found
Refreshing native plugins compatible for Editor in 43.08 ms, found 1 plugins.
Preloading 0 native plugins for Editor in 0.00 ms.
Mono: successfully reloaded assembly
- Completed reload, in  2.278 seconds
Platform modules already initialized, skipping
Registering precompiled user dll's ...
Registered in 0.001598 seconds.
Begin MonoManager ReloadAssembly
Native extension for WindowsStandalone target not found
Refreshing native plugins compatible for Editor in 45.70 ms, found 1 plugins.
Preloading 0 native plugins for Editor in 0.00 ms.
Mono: successfully reloaded assembly
- Completed reload, in  1.079 seconds
Platform modules already initialized, skipping
========================================================================
Worker process is ready to serve import requests
Launched and connected shader compiler UnityShaderCompiler.exe after 0.05 seconds
Refreshing native plugins compatible for Editor in 0.42 ms, found 1 plugins.
Preloading 0 native plugins for Editor in 0.00 ms.
Unloading 1839 Unused Serialized files (Serialized files now loaded: 0)
System memory in use before: 87.5 MB.
System memory in use after: 87.4 MB.

Unloading 24 unused Assets to reduce memory usage. Loaded Objects now: 2282.
Total: 2.286800 ms (FindLiveObjects: 0.259700 ms CreateObjectMapping: 0.155700 ms MarkObjects: 1.741500 ms  DeleteObjects: 0.128400 ms)

========================================================================
Received Import Request.
  path: Assets/Zombies Level/flipper_zombie.png
  artifactKey: Guid(0de79176da608fb43b44902650ad4ed0) Importer(815301076,1909f56bfc062723c751e8b465ee728b)
Start importing Assets/Zombies Level/flipper_zombie.png using Guid(0de79176da608fb43b44902650ad4ed0) Importer(815301076,1909f56bfc062723c751e8b465ee728b)  -> (artifact id: '8d06d582d9b8df87a5def805dcf02e47') in 0.197938 seconds
  Import took 0.202564 seconds .

========================================================================
Received Import Request.
  Time since last request: 0.099765 seconds.
  path: Assets/Zombies Level/flipper_zombie.png
  artifactKey: Guid(0de79176da608fb43b44902650ad4ed0) Importer(815301076,1909f56bfc062723c751e8b465ee728b)
Start importing Assets/Zombies Level/flipper_zombie.png using Guid(0de79176da608fb43b44902650ad4ed0) Importer(815301076,1909f56bfc062723c751e8b465ee728b)  -> (artifact id: '8d06d582d9b8df87a5def805dcf02e47') in 0.020223 seconds
  Import took 0.024558 seconds .

========================================================================
Received Import Request.
  Time since last request: 276.549723 seconds.
  path: Assets/Zombies Level/Resorte_zombie.png
  artifactKey: Guid(271e541741aa5bc4c86d133230dcd695) Importer(815301076,1909f56bfc062723c751e8b465ee728b)
Start importing Assets/Zombies Level/Resorte_zombie.png using Guid(271e541741aa5bc4c86d133230dcd695) Importer(815301076,1909f56bfc062723c751e8b465ee728b)  -> (artifact id: '10d21a58ac0208b5124923c14cc88c8a') in 0.020916 seconds
  Import took 0.025531 seconds .

========================================================================
Received Import Request.
  Time since last request: 4.672708 seconds.
  path: Assets/Zombies Level/ramp1_zombie.png
  artifactKey: Guid(1d5f8a50494fa31488ab47dd8ce32439) Importer(815301076,1909f56bfc062723c751e8b465ee728b)
Start importing Assets/Zombies Level/ramp1_zombie.png using Guid(1d5f8a50494fa31488ab47dd8ce32439) Importer(815301076,1909f56bfc062723c751e8b465ee728b)  -> (artifact id: 'dfe6d5d82f4d38668db17e04f9112f32') in 0.022088 seconds
  Import took 0.026295 seconds .

========================================================================
Received Import Request.
  Time since last request: 77.222739 seconds.
  path: Assets/Zombies Level/triangulo_zombie.png
  artifactKey: Guid(4a6ce21c37a355049b9c7df31c428f0a) Importer(815301076,1909f56bfc062723c751e8b465ee728b)
Start importing Assets/Zombies Level/triangulo_zombie.png using Guid(4a6ce21c37a355049b9c7df31c428f0a) Importer(815301076,1909f56bfc062723c751e8b465ee728b)  -> (artifact id: '47d2344cc7be1d3d985cff2223e20bc1') in 0.023240 seconds
  Import took 0.027590 seconds .

========================================================================
Received Import Request.
  Time since last request: 4.565469 seconds.
  path: Assets/Zombies Level/ramp2_zombie.png
  artifactKey: Guid(12c5e17c6c66b30488017e8da4994053) Importer(815301076,1909f56bfc062723c751e8b465ee728b)
Start importing Assets/Zombies Level/ramp2_zombie.png using Guid(12c5e17c6c66b30488017e8da4994053) Importer(815301076,1909f56bfc062723c751e8b465ee728b)  -> (artifact id: '57ca10d6bd289a9ac7ed2f9da349f4f6') in 0.020940 seconds
  Import took 0.025083 seconds .

========================================================================
Received Import Request.
  Time since last request: 33.853741 seconds.
  path: Assets/Cowboy Lvel/Cowboy Level.unity
  artifactKey: Guid(fb29f3821c5bc55409f0a9b26bd13077) Importer(815301076,1909f56bfc062723c751e8b465ee728b)
Start importing Assets/Cowboy Lvel/Cowboy Level.unity using Guid(fb29f3821c5bc55409f0a9b26bd13077) Importer(815301076,1909f56bfc062723c751e8b465ee728b)  -> (artifact id: '9b6fa694e023380c5cef4323ca711e9a') in 0.012403 seconds
  Import took 0.016828 seconds .

========================================================================
Received Import Request.
  Time since last request: 26.588998 seconds.
  path: Assets/Zombies Level/zombies.unity
  artifactKey: Guid(a6bb3fa2c5772504fa67658dc40feb61) Importer(815301076,1909f56bfc062723c751e8b465ee728b)
Start importing Assets/Zombies Level/zombies.unity using Guid(a6bb3fa2c5772504fa67658dc40feb61) Importer(815301076,1909f56bfc062723c751e8b465ee728b)  -> (artifact id: '14366a9704193b93fb337190c0f76198') in 0.008392 seconds
  Import took 0.012901 seconds .

========================================================================
Received Prepare
Registering precompiled user dll's ...
Registered in 0.001218 seconds.
Begin MonoManager ReloadAssembly
Native extension for WindowsStandalone target not found
Refreshing native plugins compatible for Editor in 0.36 ms, found 1 plugins.
Preloading 0 native plugins for Editor in 0.00 ms.
Mono: successfully reloaded assembly
- Completed reload, in  1.002 seconds
Platform modules already initialized, skipping
Refreshing native plugins compatible for Editor in 0.38 ms, found 1 plugins.
Preloading 0 native plugins for Editor in 0.00 ms.
Unloading 1821 Unused Serialized files (Serialized files now loaded: 0)
System memory in use before: 89.3 MB.
System memory in use after: 89.2 MB.

Unloading 12 unused Assets to reduce memory usage. Loaded Objects now: 2300.
Total: 2.414200 ms (FindLiveObjects: 0.425600 ms CreateObjectMapping: 0.107700 ms MarkObjects: 1.728700 ms  DeleteObjects: 0.151000 ms)

========================================================================
Received Import Request.
  Time since last request: 279.079678 seconds.
  path: Assets/Cowboy Lvel/Bala1.cs
  artifactKey: Guid(47c5f27010da85b4dbb562dd3998dd58) Importer(815301076,1909f56bfc062723c751e8b465ee728b)
Start importing Assets/Cowboy Lvel/Bala1.cs using Guid(47c5f27010da85b4dbb562dd3998dd58) Importer(815301076,1909f56bfc062723c751e8b465ee728b)  -> (artifact id: 'e3c5749f42e90dd2211d8756cb00b7b6') in 0.129771 seconds
  Import took 0.134896 seconds .

========================================================================
Received Import Request.
  Time since last request: 1.802021 seconds.
  path: Assets/Cowboy Lvel/Bala3.cs
  artifactKey: Guid(4bed1576e41d131468ddd356be6efe7f) Importer(815301076,1909f56bfc062723c751e8b465ee728b)
Start importing Assets/Cowboy Lvel/Bala3.cs using Guid(4bed1576e41d131468ddd356be6efe7f) Importer(815301076,1909f56bfc062723c751e8b465ee728b)  -> (artifact id: 'f992bc144b5526c204afefffe45c2b70') in 0.010534 seconds
  Import took 0.014093 seconds .

========================================================================
Received Prepare
Registering precompiled user dll's ...
Registered in 0.001184 seconds.
Begin MonoManager ReloadAssembly
Native extension for WindowsStandalone target not found
Refreshing native plugins compatible for Editor in 0.35 ms, found 1 plugins.
Preloading 0 native plugins for Editor in 0.00 ms.
Mono: successfully reloaded assembly
- Completed reload, in  0.963 seconds
Platform modules already initialized, skipping
Refreshing native plugins compatible for Editor in 0.40 ms, found 1 plugins.
Preloading 0 native plugins for Editor in 0.00 ms.
Unloading 1821 Unused Serialized files (Serialized files now loaded: 0)
System memory in use before: 89.3 MB.
System memory in use after: 89.3 MB.

Unloading 12 unused Assets to reduce memory usage. Loaded Objects now: 2304.
Total: 3.580300 ms (FindLiveObjects: 0.242900 ms CreateObjectMapping: 0.114900 ms MarkObjects: 2.978600 ms  DeleteObjects: 0.242200 ms)

========================================================================
Received Import Request.
  Time since last request: 36.666610 seconds.
  path: Assets/Zombies Level/Bumper.cs
  artifactKey: Guid(1937cdbe46badc545b76ebe143d89626) Importer(815301076,1909f56bfc062723c751e8b465ee728b)
Start importing Assets/Zombies Level/Bumper.cs using Guid(1937cdbe46badc545b76ebe143d89626) Importer(815301076,1909f56bfc062723c751e8b465ee728b)  -> (artifact id: 'b3729dad00f886305c50174cb87cbf84') in 0.011973 seconds
  Import took 0.015885 seconds .

========================================================================
Received Import Request.
  Time since last request: 0.033208 seconds.
  path: Assets/Zombies Level/Bumper.cs
  artifactKey: Guid(1937cdbe46badc545b76ebe143d89626) Importer(815301076,1909f56bfc062723c751e8b465ee728b)
Start importing Assets/Zombies Level/Bumper.cs using Guid(1937cdbe46badc545b76ebe143d89626) Importer(815301076,1909f56bfc062723c751e8b465ee728b)  -> (artifact id: 'b3729dad00f886305c50174cb87cbf84') in 0.003234 seconds
  Import took 0.007117 seconds .

========================================================================
Received Import Request.
  Time since last request: 2276.154884 seconds.
  path: Assets/Apocalipsis Level/Multi2X.png
  artifactKey: Guid(3f494c5977406a44db6edd6e76bdc60a) Importer(815301076,1909f56bfc062723c751e8b465ee728b)
Start importing Assets/Apocalipsis Level/Multi2X.png using Guid(3f494c5977406a44db6edd6e76bdc60a) Importer(815301076,1909f56bfc062723c751e8b465ee728b)  -> (artifact id: 'd06d7b27b7baf00d9324aecf393274d6') in 0.107797 seconds
  Import took 0.131530 seconds .

========================================================================
Received Import Request.
  Time since last request: 0.000387 seconds.
  path: Assets/Apocalipsis Level/VueltaApoc.png
  artifactKey: Guid(aaab6fe748e2095428fe76045e52ce07) Importer(815301076,1909f56bfc062723c751e8b465ee728b)
Start importing Assets/Apocalipsis Level/VueltaApoc.png using Guid(aaab6fe748e2095428fe76045e52ce07) Importer(815301076,1909f56bfc062723c751e8b465ee728b)  -> (artifact id: 'b5e6a97c868b63e965716e61f2803f77') in 0.020189 seconds
  Import took 0.025262 seconds .

========================================================================
Received Import Request.
  Time since last request: 0.000360 seconds.
  path: Assets/Apocalipsis Level/Multi5x.png
  artifactKey: Guid(ec9336d334a17e4478ccfbd6ffc6f955) Importer(815301076,1909f56bfc062723c751e8b465ee728b)
Start importing Assets/Apocalipsis Level/Multi5x.png using Guid(ec9336d334a17e4478ccfbd6ffc6f955) Importer(815301076,1909f56bfc062723c751e8b465ee728b)  -> (artifact id: '2a0c078dc9e0c4673580859423a2165e') in 0.022796 seconds
  Import took 0.027654 seconds .

========================================================================
Received Import Request.
  Time since last request: 0.000258 seconds.
  path: Assets/Apocalipsis Level/Point30.png
  artifactKey: Guid(137500025762e3145bdd7d5afc334286) Importer(815301076,1909f56bfc062723c751e8b465ee728b)
Start importing Assets/Apocalipsis Level/Point30.png using Guid(137500025762e3145bdd7d5afc334286) Importer(815301076,1909f56bfc062723c751e8b465ee728b)  -> (artifact id: '16453e4031805038de25d7fea3b06be7') in 0.024621 seconds
  Import took 0.029684 seconds .

========================================================================
Received Import Request.
  Time since last request: 0.000243 seconds.
  path: Assets/Apocalipsis Level/Point20.png
  artifactKey: Guid(685efd786d7d769428a073f8aa1867a0) Importer(815301076,1909f56bfc062723c751e8b465ee728b)
Start importing Assets/Apocalipsis Level/Point20.png using Guid(685efd786d7d769428a073f8aa1867a0) Importer(815301076,1909f56bfc062723c751e8b465ee728b)  -> (artifact id: '093ef7611d1b6ea132b6ec8306472385') in 0.024037 seconds
  Import took 0.028482 seconds .

========================================================================
Received Import Request.
  Time since last request: 0.000238 seconds.
  path: Assets/Apocalipsis Level/Multi3x.png
  artifactKey: Guid(f2c9ac6940efc564e8802fc93b688020) Importer(815301076,1909f56bfc062723c751e8b465ee728b)
Start importing Assets/Apocalipsis Level/Multi3x.png using Guid(f2c9ac6940efc564e8802fc93b688020) Importer(815301076,1909f56bfc062723c751e8b465ee728b)  -> (artifact id: '66bc8eaf99fb909a8cef72df6e039e5a') in 0.026590 seconds
  Import took 0.039079 seconds .

========================================================================
Received Import Request.
  Time since last request: 0.000225 seconds.
  path: Assets/Apocalipsis Level/Point10.png
  artifactKey: Guid(4953395faf625ef4bb7c4cf26efc5fc9) Importer(815301076,1909f56bfc062723c751e8b465ee728b)
Start importing Assets/Apocalipsis Level/Point10.png using Guid(4953395faf625ef4bb7c4cf26efc5fc9) Importer(815301076,1909f56bfc062723c751e8b465ee728b)  -> (artifact id: '669690a1dd521bf8b45b1baa61a03995') in 0.028826 seconds
  Import took 0.033927 seconds .

========================================================================
Received Import Request.
  Time since last request: 607.916538 seconds.
  path: Assets/Zombies Level/Bumper25.png
  artifactKey: Guid(2dcd9cbc2b346374eb0b2df510c3ff4f) Importer(815301076,1909f56bfc062723c751e8b465ee728b)
Start importing Assets/Zombies Level/Bumper25.png using Guid(2dcd9cbc2b346374eb0b2df510c3ff4f) Importer(815301076,1909f56bfc062723c751e8b465ee728b)  -> (artifact id: 'd10100521ba240b26dc2c45fc9b0e683') in 0.026937 seconds
  Import took 0.030894 seconds .

========================================================================
Received Import Request.
  Time since last request: 0.000282 seconds.
  path: Assets/Zombies Level/Bumper50.png
  artifactKey: Guid(3e1da095fa6f8524ba1176043c003d26) Importer(815301076,1909f56bfc062723c751e8b465ee728b)
Start importing Assets/Zombies Level/Bumper50.png using Guid(3e1da095fa6f8524ba1176043c003d26) Importer(815301076,1909f56bfc062723c751e8b465ee728b)  -> (artifact id: '2085f4f3060d69f99b667fc8fad8c81b') in 0.025962 seconds
  Import took 0.029752 seconds .

========================================================================
Received Import Request.
  Time since last request: 0.000367 seconds.
  path: Assets/Zombies Level/Bumper100.png
  artifactKey: Guid(c7a70b1ed90f99848adbed7593dabf60) Importer(815301076,1909f56bfc062723c751e8b465ee728b)
Start importing Assets/Zombies Level/Bumper100.png using Guid(c7a70b1ed90f99848adbed7593dabf60) Importer(815301076,1909f56bfc062723c751e8b465ee728b)  -> (artifact id: '23c27cabd09feaba6891e162985494bd') in 0.021057 seconds
  Import took 0.025854 seconds .

========================================================================
Received Import Request.
  Time since last request: 225.174741 seconds.
  path: Assets/Zombies Level/cara_zombie.png
  artifactKey: Guid(5eea51d18a1624049a0d358913580565) Importer(815301076,1909f56bfc062723c751e8b465ee728b)
Start importing Assets/Zombies Level/cara_zombie.png using Guid(5eea51d18a1624049a0d358913580565) Importer(815301076,1909f56bfc062723c751e8b465ee728b)  -> (artifact id: 'f5571a26f02a6ee8501b57e0925d7961') in 0.031413 seconds
  Import took 0.035440 seconds .

